<?xml version="1.0" encoding="UTF-8"?>
<testng-results skipped="0" failed="0" total="1" passed="1">
  <reporter-output>
  </reporter-output>
  <suite name="Surefire suite" duration-ms="16" started-at="2019-03-21T12:40:32Z" finished-at="2019-03-21T12:40:32Z">
    <groups>
    </groups>
    <test name="Surefire test" duration-ms="16" started-at="2019-03-21T12:40:32Z" finished-at="2019-03-21T12:40:32Z">
      <class name="DEMODEMO.AppTest">
        <test-method status="PASS" signature="testApp()[pri:0, instance:testApp(DEMODEMO.AppTest)]" name="testApp" duration-ms="2" started-at="2019-03-21T18:10:32Z" finished-at="2019-03-21T18:10:32Z">
          <reporter-output>
          </reporter-output>
        </test-method> <!-- testApp -->
      </class> <!-- DEMODEMO.AppTest -->
    </test> <!-- Surefire test -->
  </suite> <!-- Surefire suite -->
</testng-results>
