<?xml version="1.0" encoding="UTF-8"?>
<!-- Generated by org.testng.reporters.JUnitXMLReporter -->
<testsuite hostname="SAURABH" name="Surefire test" tests="6" failures="0" timestamp="21 Mar 2019 12:40:31 GMT" time="0.063" errors="0">
  <testcase name="printAppium" time="0.023" classname="DEMODEMO.Demo1Test"/>
  <testcase name="printIOS" time="0.0" classname="DEMODEMO.Demo1Test"/>
  <testcase name="printAppium" time="0.0" classname="DEMODEMO.Demo2Test"/>
  <testcase name="printIOS" time="0.001" classname="DEMODEMO.Demo2Test"/>
  <testcase name="printAppium" time="0.001" classname="DEMODEMO.Demo3Test"/>
  <testcase name="printIOS" time="0.002" classname="DEMODEMO.Demo3Test"/>
</testsuite> <!-- Surefire test -->
