<?xml version="1.0" encoding="UTF-8"?>
<testng-results skipped="0" failed="0" total="6" passed="6">
  <reporter-output>
  </reporter-output>
  <suite name="Surefire suite" duration-ms="63" started-at="2019-03-21T12:40:31Z" finished-at="2019-03-21T12:40:31Z">
    <groups>
    </groups>
    <test name="Surefire test" duration-ms="63" started-at="2019-03-21T12:40:31Z" finished-at="2019-03-21T12:40:31Z">
      <class name="DEMODEMO.Demo3Test">
        <test-method status="PASS" signature="printAppium()[pri:0, instance:DEMODEMO.Demo3Test@39ba5a14]" name="printAppium" duration-ms="1" started-at="2019-03-21T18:10:31Z" finished-at="2019-03-21T18:10:31Z">
          <reporter-output>
          </reporter-output>
        </test-method> <!-- printAppium -->
        <test-method status="PASS" signature="printIOS()[pri:0, instance:DEMODEMO.Demo3Test@39ba5a14]" name="printIOS" duration-ms="2" started-at="2019-03-21T18:10:31Z" finished-at="2019-03-21T18:10:31Z">
          <reporter-output>
          </reporter-output>
        </test-method> <!-- printIOS -->
      </class> <!-- DEMODEMO.Demo3Test -->
      <class name="DEMODEMO.Demo2Test">
        <test-method status="PASS" signature="printAppium()[pri:0, instance:DEMODEMO.Demo2Test@511baa65]" name="printAppium" duration-ms="0" started-at="2019-03-21T18:10:31Z" finished-at="2019-03-21T18:10:31Z">
          <reporter-output>
          </reporter-output>
        </test-method> <!-- printAppium -->
        <test-method status="PASS" signature="printIOS()[pri:0, instance:DEMODEMO.Demo2Test@511baa65]" name="printIOS" duration-ms="1" started-at="2019-03-21T18:10:31Z" finished-at="2019-03-21T18:10:31Z">
          <reporter-output>
          </reporter-output>
        </test-method> <!-- printIOS -->
      </class> <!-- DEMODEMO.Demo2Test -->
      <class name="DEMODEMO.Demo1Test">
        <test-method status="PASS" signature="printAppium()[pri:0, instance:DEMODEMO.Demo1Test@48140564]" name="printAppium" duration-ms="23" started-at="2019-03-21T18:10:31Z" finished-at="2019-03-21T18:10:31Z">
          <reporter-output>
          </reporter-output>
        </test-method> <!-- printAppium -->
        <test-method status="PASS" signature="printIOS()[pri:0, instance:DEMODEMO.Demo1Test@48140564]" name="printIOS" duration-ms="0" started-at="2019-03-21T18:10:31Z" finished-at="2019-03-21T18:10:31Z">
          <reporter-output>
          </reporter-output>
        </test-method> <!-- printIOS -->
      </class> <!-- DEMODEMO.Demo1Test -->
    </test> <!-- Surefire test -->
  </suite> <!-- Surefire suite -->
</testng-results>
