<?xml version="1.0" encoding="UTF-8"?>
<!-- Generated by org.testng.reporters.JUnitXMLReporter -->
<testsuite hostname="SAURABH" name="Command line test" tests="6" failures="0" timestamp="21 Mar 2019 12:34:17 GMT" time="0.048" errors="0">
  <testcase name="printAppium" time="0.014" classname="DEMODEMO.Demo1Test"/>
  <testcase name="printIOS" time="0.001" classname="DEMODEMO.Demo1Test"/>
  <testcase name="printAppium" time="0.001" classname="DEMODEMO.Demo2Test"/>
  <testcase name="printIOS" time="0.001" classname="DEMODEMO.Demo2Test"/>
  <testcase name="printAppium" time="0.001" classname="DEMODEMO.Demo3Test"/>
  <testcase name="printIOS" time="0.001" classname="DEMODEMO.Demo3Test"/>
</testsuite> <!-- Command line test -->
