<?xml version="1.0" encoding="UTF-8"?>
<testsuite xmlns:xsi="http://www.w3.org/2001/XMLSchema-instance" xsi:noNamespaceSchemaLocation="https://maven.apache.org/surefire/maven-surefire-plugin/xsd/surefire-test-report-3.0.xsd" version="3.0" name="TestSuite" time="1.544" tests="7" errors="0" skipped="0" failures="0">
  <properties>
[...]
</properties>
  <testcase name="printAppium" classname="DEMODEMO.Demo1Test" time="0.025"/>
  <testcase name="printIOS" classname="DEMODEMO.Demo1Test" time="0.024"/>
  <testcase name="printAppium" classname="DEMODEMO.Demo2Test" time="0.001"/>
  <testcase name="printIOS" classname="DEMODEMO.Demo2Test" time="0.001"/>
  <testcase name="printAppium" classname="DEMODEMO.Demo3Test" time="0.001"/>
  <testcase name="printIOS" classname="DEMODEMO.Demo3Test" time="0"/>
  <testcase name="testApp on testApp(DEMODEMO.AppTest)" classname="DEMODEMO.AppTest" time="0.684"/>
</testsuite>